<?xml version="1.0" encoding="UTF-8"?>
<!-- Generated by org.testng.reporters.JUnitReportReporter -->
<testsuite hostname="LAPTOP-UVKOVLV9" failures="0" tests="6" name="com.example.JenkinsDemo.LoginTest" time="28.373" errors="0" timestamp="2023-03-27T09:23:48 IST" skipped="0">
  <testcase classname="com.example.JenkinsDemo.LoginTest" name="testLoginWithInvalidData" time="7.491"/>
  <system-out/>
  <testcase classname="com.example.JenkinsDemo.LoginTest" name="testLoginWithEmptyData" time="6.416"/>
  <system-out/>
  <testcase classname="com.example.JenkinsDemo.LoginTest" name="testLoginWithValidData" time="14.288"/>
  <system-out/>
  <testcase classname="com.example.JenkinsDemo.LoginTest" name="testHeadingVerification" time="0.144"/>
  <system-out/>
  <testcase classname="com.example.JenkinsDemo.LoginTest" name="testTitleVerification" time="0.018"/>
  <system-out/>
  <testcase classname="com.example.JenkinsDemo.LoginTest" name="testUrlVerification" time="0.016"/>
  <system-out/>
</testsuite> <!-- com.example.JenkinsDemo.LoginTest -->
