<?xml version="1.0" encoding="UTF-8"?>
<!-- Generated by org.testng.reporters.JUnitReportReporter -->
<testsuite hostname="LAPTOP-UVKOVLV9" failures="0" tests="6" name="com.example.JenkinsDemo.LoginTest" time="28.479" errors="0" timestamp="2023-03-24T12:23:42 IST" skipped="0">
  <testcase classname="com.example.JenkinsDemo.LoginTest" name="testLoginWithInvalidData" time="9.334"/>
  <system-out/>
  <testcase classname="com.example.JenkinsDemo.LoginTest" name="testLoginWithEmptyData" time="6.608"/>
  <system-out/>
  <testcase classname="com.example.JenkinsDemo.LoginTest" name="testLoginWithValidData" time="11.787"/>
  <system-out/>
  <testcase classname="com.example.JenkinsDemo.LoginTest" name="testHeadingVerification" time="0.281"/>
  <system-out/>
  <testcase classname="com.example.JenkinsDemo.LoginTest" name="testTitleVerification" time="0.210"/>
  <system-out/>
  <testcase classname="com.example.JenkinsDemo.LoginTest" name="testUrlVerification" time="0.259"/>
  <system-out/>
</testsuite> <!-- com.example.JenkinsDemo.LoginTest -->
