<?xml version="1.0" encoding="UTF-8"?>
<!-- Generated by org.testng.reporters.JUnitReportReporter -->
<testsuite hostname="LAPTOP-UVKOVLV9" failures="0" tests="1" name="com.example.JenkinsDemo.Test" time="0.059" errors="0" timestamp="2023-03-24T10:23:55 IST" skipped="0">
  <testcase classname="com.example.JenkinsDemo.Test" name="demo" time="0.059"/>
  <system-out/>
</testsuite> <!-- com.example.JenkinsDemo.Test -->
